[2020-03-04T18:40:25.918] [INFO] normal - OPTIONS /api/annex/articleAnnexUpload 204
[2020-03-04T18:40:25.984] [INFO] normal - POST /api/annex/articleAnnexUpload 200
[2020-03-04T18:40:26.022] [INFO] normal - OPTIONS /api/annex/getAnnexRecord 204
[2020-03-04T18:40:26.028] [WARN] normal - GET /api/annex/getAnnexRecord 304
[2020-03-04T18:41:13.082] [INFO] normal - OPTIONS /api/annex/getAnnexRecord 204
[2020-03-04T18:41:13.085] [WARN] normal - GET /api/annex/getAnnexRecord 304
[2020-03-04T18:41:19.993] [INFO] normal - OPTIONS /api/annex/articleAnnexUpload 204
[2020-03-04T18:41:20.000] [INFO] normal - POST /api/annex/articleAnnexUpload 200
[2020-03-04T18:41:20.006] [INFO] normal - OPTIONS /api/annex/getAnnexRecord 204
[2020-03-04T18:41:20.009] [WARN] normal - GET /api/annex/getAnnexRecord 304
[2020-03-04T18:42:50.809] [INFO] normal - OPTIONS /api/publishOnline/getPublishedArtilces 204
[2020-03-04T18:42:50.812] [INFO] normal - OPTIONS /api/publishOnline/getEditRecord 204
[2020-03-04T18:42:50.821] [INFO] normal - GET /api/publishOnline/getPublishedArtilces 200
[2020-03-04T18:42:50.827] [WARN] normal - GET /api/publishOnline/getEditRecord 304
[2020-03-04T18:43:36.959] [INFO] normal - OPTIONS /api/publishOnline/publishArticle 204
[2020-03-04T18:43:36.965] [INFO] normal - POST /api/publishOnline/publishArticle 200
[2020-03-04T18:43:36.994] [INFO] normal - OPTIONS /api/publishOnline/getPublishedArtilces 204
[2020-03-04T18:43:36.999] [WARN] normal - GET /api/publishOnline/getPublishedArtilces 304
[2020-03-04T18:44:18.491] [INFO] normal - OPTIONS /api/publishOnline/publishArticle 204
[2020-03-04T18:44:18.497] [INFO] normal - POST /api/publishOnline/publishArticle 200
[2020-03-04T18:45:18.496] [INFO] normal - OPTIONS /api/publishOnline/getPublishedArtilces 204
[2020-03-04T18:45:18.498] [INFO] normal - OPTIONS /api/publishOnline/getEditRecord 204
[2020-03-04T18:45:18.502] [WARN] normal - GET /api/publishOnline/getPublishedArtilces 304
[2020-03-04T18:45:18.508] [WARN] normal - GET /api/publishOnline/getEditRecord 304
[2020-03-04T18:45:20.517] [INFO] normal - OPTIONS /api/annex/getAnnexRecord 204
[2020-03-04T18:45:20.520] [WARN] normal - GET /api/annex/getAnnexRecord 304
[2020-03-04T18:45:35.809] [INFO] normal - OPTIONS /api/annex/articleAnnexUpload 204
[2020-03-04T18:45:35.815] [INFO] normal - POST /api/annex/articleAnnexUpload 200
[2020-03-04T18:45:35.820] [INFO] normal - OPTIONS /api/annex/getAnnexRecord 204
[2020-03-04T18:45:35.823] [WARN] normal - GET /api/annex/getAnnexRecord 304
[2020-03-04T18:46:16.994] [INFO] normal - OPTIONS /api/annex/getAnnexRecord 204
[2020-03-04T18:46:16.997] [WARN] normal - GET /api/annex/getAnnexRecord 304
[2020-03-04T18:47:01.656] [INFO] normal - OPTIONS /api/annex/getAnnexRecord 204
[2020-03-04T18:47:01.659] [WARN] normal - GET /api/annex/getAnnexRecord 304
[2020-03-04T18:47:36.806] [INFO] normal - OPTIONS /api/annex/getAnnexRecord 204
[2020-03-04T18:47:36.810] [WARN] normal - GET /api/annex/getAnnexRecord 304
[2020-03-04T18:47:54.032] [INFO] normal - OPTIONS /api/annex/getAnnexRecord 204
[2020-03-04T18:47:54.035] [WARN] normal - GET /api/annex/getAnnexRecord 304
[2020-03-04T18:52:09.841] [INFO] normal - OPTIONS /api/annex/getAnnexRecord 204
[2020-03-04T18:52:09.844] [WARN] normal - GET /api/annex/getAnnexRecord 304
[2020-03-04T18:52:20.624] [INFO] normal - OPTIONS /api/annex/annexUpload 204
[2020-03-04T18:52:20.638] [INFO] normal - POST /api/annex/annexUpload 200
[2020-03-04T18:53:54.189] [INFO] normal - OPTIONS /api/annex/getAnnexRecord 204
[2020-03-04T18:53:54.194] [INFO] normal - GET /api/annex/getAnnexRecord 200
[2020-03-04T18:54:22.936] [INFO] normal - OPTIONS /api/annex/getAnnexRecord 204
[2020-03-04T18:54:22.941] [INFO] normal - GET /api/annex/getAnnexRecord 200
[2020-03-04T18:55:19.565] [INFO] normal - OPTIONS /api/annex/getAnnexRecord 204
[2020-03-04T18:55:19.568] [INFO] normal - GET /api/annex/getAnnexRecord 200
[2020-03-04T18:55:25.751] [INFO] normal - OPTIONS /api/annex/getAnnexRecord 204
[2020-03-04T18:55:25.757] [INFO] normal - GET /api/annex/getAnnexRecord 200
[2020-03-04T18:55:30.247] [INFO] normal - OPTIONS /api/annex/annexUpload 204
[2020-03-04T18:55:30.255] [INFO] normal - POST /api/annex/annexUpload 200
[2020-03-04T18:56:54.937] [INFO] normal - OPTIONS /api/annex/getAnnexRecord 204
[2020-03-04T18:56:54.941] [INFO] normal - GET /api/annex/getAnnexRecord 200
[2020-03-04T18:56:59.429] [INFO] normal - OPTIONS /api/annex/annexUpload 204
[2020-03-04T18:56:59.433] [INFO] normal - POST /api/annex/annexUpload 200
[2020-03-04T18:57:12.925] [INFO] normal - OPTIONS /api/annex/annexUpload 204
[2020-03-04T18:57:12.970] [INFO] normal - POST /api/annex/annexUpload 200
